# JRE version: OpenJDK Runtime Environment (8.0_265-b01) (build 1.8.0_265-8u265-b01-0ubuntu2~16.04-b01)
# Java VM: OpenJDK 64-Bit Server VM (25.265-b01 mixed mode linux-amd64 compressed oops)
Heap:
 PSYoungGen      total 90624K, used 2420K [0x00000000eb700000, 0x00000000f1880000, 0x0000000100000000)
  eden space 87040K, 0% used [0x00000000eb700000,0x00000000eb700000,0x00000000f0c00000)
  from space 3584K, 67% used [0x00000000f1180000,0x00000000f13dd088,0x00000000f1500000)
  to   space 2560K, 0% used [0x00000000f1600000,0x00000000f1600000,0x00000000f1880000)
 ParOldGen       total 36864K, used 29146K [0x00000000c2400000, 0x00000000c4800000, 0x00000000eb700000)
  object space 36864K, 79% used [0x00000000c2400000,0x00000000c4076958,0x00000000c4800000)
 Metaspace       used 2761K, capacity 4486K, committed 4864K, reserved 1056768K
  class space    used 281K, capacity 386K, committed 512K, reserved 1048576K
GC Heap History (10 events):
Event: 4608.105 GC heap after
Heap after GC invocations=46464 (full 292):
 PSYoungGen      total 53760K, used 2420K [0x00000000eb700000, 0x00000000f1c80000, 0x0000000100000000)
  eden space 51200K, 0% used [0x00000000eb700000,0x00000000eb700000,0x00000000ee900000)
  from space 2560K, 94% used [0x00000000f1a00000,0x00000000f1c5d008,0x00000000f1c80000)
  to   space 3072K, 0% used [0x00000000f1680000,0x00000000f1680000,0x00000000f1980000)
 ParOldGen       total 36864K, used 26758K [0x00000000c2400000, 0x00000000c4800000, 0x00000000eb700000)
  object space 36864K, 72% used [0x00000000c2400000,0x00000000c3e21928,0x00000000c4800000)
 Metaspace       used 2761K, capacity 4486K, committed 4864K, reserved 1056768K
  class space    used 281K, capacity 386K, committed 512K, reserved 1048576K
}
Event: 4608.216 GC heap before
{Heap before GC invocations=46465 (full 292):
 PSYoungGen      total 53760K, used 53571K [0x00000000eb700000, 0x00000000f1c80000, 0x0000000100000000)
  eden space 51200K, 99% used [0x00000000eb700000,0x00000000ee8f3fb8,0x00000000ee900000)
  from space 2560K, 94% used [0x00000000f1a00000,0x00000000f1c5d008,0x00000000f1c80000)
  to   space 3072K, 0% used [0x00000000f1680000,0x00000000f1680000,0x00000000f1980000)
 ParOldGen       total 36864K, used 26758K [0x00000000c2400000, 0x00000000c4800000, 0x00000000eb700000)
  object space 36864K, 72% used [0x00000000c2400000,0x00000000c3e21928,0x00000000c4800000)
 Metaspace       used 2761K, capacity 4486K, committed 4864K, reserved 1056768K
  class space    used 281K, capacity 386K, committed 512K, reserved 1048576K
Event: 4608.217 GC heap after
Heap after GC invocations=46465 (full 292):
 PSYoungGen      total 52224K, used 2420K [0x00000000eb700000, 0x00000000f1a80000, 0x0000000100000000)
  eden space 49664K, 0% used [0x00000000eb700000,0x00000000eb700000,0x00000000ee780000)
  from space 2560K, 94% used [0x00000000f1680000,0x00000000f18dd020,0x00000000f1900000)
  to   space 1536K, 0% used [0x00000000f1900000,0x00000000f1900000,0x00000000f1a80000)
 ParOldGen       total 36864K, used 26758K [0x00000000c2400000, 0x00000000c4800000, 0x00000000eb700000)
  object space 36864K, 72% used [0x00000000c2400000,0x00000000c3e21928,0x00000000c4800000)
 Metaspace       used 2761K, capacity 4486K, committed 4864K, reserved 1056768K
  class space    used 281K, capacity 386K, committed 512K, reserved 1048576K
}
Event: 4608.353 GC heap before
{Heap before GC invocations=46466 (full 292):
 PSYoungGen      total 52224K, used 51154K [0x00000000eb700000, 0x00000000f1a80000, 0x0000000100000000)
  eden space 49664K, 98% used [0x00000000eb700000,0x00000000ee697968,0x00000000ee780000)
  from space 2560K, 94% used [0x00000000f1680000,0x00000000f18dd020,0x00000000f1900000)
  to   space 1536K, 0% used [0x00000000f1900000,0x00000000f1900000,0x00000000f1a80000)
 ParOldGen       total 36864K, used 26758K [0x00000000c2400000, 0x00000000c4800000, 0x00000000eb700000)
  object space 36864K, 72% used [0x00000000c2400000,0x00000000c3e21928,0x00000000c4800000)
 Metaspace       used 2761K, capacity 4486K, committed 4864K, reserved 1056768K
  class space    used 281K, capacity 386K, committed 512K, reserved 1048576K
Event: 4608.624 GC heap after
Heap after GC invocations=46466 (full 292):
 PSYoungGen      total 60416K, used 32K [0x00000000eb700000, 0x00000000f1980000, 0x0000000100000000)
  eden space 59904K, 0% used [0x00000000eb700000,0x00000000eb700000,0x00000000ef180000)
  from space 512K, 6% used [0x00000000f1900000,0x00000000f1908000,0x00000000f1980000)
  to   space 3584K, 0% used [0x00000000f1280000,0x00000000f1280000,0x00000000f1600000)
 ParOldGen       total 36864K, used 29146K [0x00000000c2400000, 0x00000000c4800000, 0x00000000eb700000)
  object space 36864K, 79% used [0x00000000c2400000,0x00000000c4076958,0x00000000c4800000)
 Metaspace       used 2761K, capacity 4486K, committed 4864K, reserved 1056768K
  class space    used 281K, capacity 386K, committed 512K, reserved 1048576K
}
Event: 4608.752 GC heap before
{Heap before GC invocations=46467 (full 292):
 PSYoungGen      total 60416K, used 58519K [0x00000000eb700000, 0x00000000f1980000, 0x0000000100000000)
  eden space 59904K, 97% used [0x00000000eb700000,0x00000000ef01def8,0x00000000ef180000)
  from space 512K, 6% used [0x00000000f1900000,0x00000000f1908000,0x00000000f1980000)
  to   space 3584K, 0% used [0x00000000f1280000,0x00000000f1280000,0x00000000f1600000)
 ParOldGen       total 36864K, used 29146K [0x00000000c2400000, 0x00000000c4800000, 0x00000000eb700000)
  object space 36864K, 79% used [0x00000000c2400000,0x00000000c4076958,0x00000000c4800000)
 Metaspace       used 2761K, capacity 4486K, committed 4864K, reserved 1056768K
  class space    used 281K, capacity 386K, committed 512K, reserved 1048576K
Event: 4608.753 GC heap after
Heap after GC invocations=46467 (full 292):
 PSYoungGen      total 75776K, used 2420K [0x00000000eb700000, 0x00000000f1980000, 0x0000000100000000)
  eden space 72192K, 0% used [0x00000000eb700000,0x00000000eb700000,0x00000000efd80000)
  from space 3584K, 67% used [0x00000000f1280000,0x00000000f14dd048,0x00000000f1600000)
  to   space 3584K, 0% used [0x00000000f1600000,0x00000000f1600000,0x00000000f1980000)
 ParOldGen       total 36864K, used 29146K [0x00000000c2400000, 0x00000000c4800000, 0x00000000eb700000)
  object space 36864K, 79% used [0x00000000c2400000,0x00000000c4076958,0x00000000c4800000)
 Metaspace       used 2761K, capacity 4486K, committed 4864K, reserved 1056768K
  class space    used 281K, capacity 386K, committed 512K, reserved 1048576K
}
Event: 4608.874 GC heap before
{Heap before GC invocations=46468 (full 292):
 PSYoungGen      total 75776K, used 73089K [0x00000000eb700000, 0x00000000f1980000, 0x0000000100000000)
  eden space 72192K, 97% used [0x00000000eb700000,0x00000000efc03668,0x00000000efd80000)
  from space 3584K, 67% used [0x00000000f1280000,0x00000000f14dd048,0x00000000f1600000)
  to   space 3584K, 0% used [0x00000000f1600000,0x00000000f1600000,0x00000000f1980000)
 ParOldGen       total 36864K, used 29146K [0x00000000c2400000, 0x00000000c4800000, 0x00000000eb700000)
  object space 36864K, 79% used [0x00000000c2400000,0x00000000c4076958,0x00000000c4800000)
 Metaspace       used 2761K, capacity 4486K, committed 4864K, reserved 1056768K
  class space    used 281K, capacity 386K, committed 512K, reserved 1048576K
Event: 4608.875 GC heap after
Heap after GC invocations=46468 (full 292):
 PSYoungGen      total 89600K, used 2420K [0x00000000eb700000, 0x00000000f1880000, 0x0000000100000000)
  eden space 87040K, 0% used [0x00000000eb700000,0x00000000eb700000,0x00000000f0c00000)
  from space 2560K, 94% used [0x00000000f1600000,0x00000000f185d068,0x00000000f1880000)
  to   space 3584K, 0% used [0x00000000f1180000,0x00000000f1180000,0x00000000f1500000)
 ParOldGen       total 36864K, used 29146K [0x00000000c2400000, 0x00000000c4800000, 0x00000000eb700000)
  object space 36864K, 79% used [0x00000000c2400000,0x00000000c4076958,0x00000000c4800000)
 Metaspace       used 2761K, capacity 4486K, committed 4864K, reserved 1056768K
  class space    used 281K, capacity 386K, committed 512K, reserved 1048576K
}
Event: 4609.106 GC heap before
{Heap before GC invocations=46469 (full 292):
 PSYoungGen      total 89600K, used 87710K [0x00000000eb700000, 0x00000000f1880000, 0x0000000100000000)
  eden space 87040K, 97% used [0x00000000eb700000,0x00000000f0a4a8e0,0x00000000f0c00000)
  from space 2560K, 94% used [0x00000000f1600000,0x00000000f185d068,0x00000000f1880000)
  to   space 3584K, 0% used [0x00000000f1180000,0x00000000f1180000,0x00000000f1500000)
 ParOldGen       total 36864K, used 29146K [0x00000000c2400000, 0x00000000c4800000, 0x00000000eb700000)
  object space 36864K, 79% used [0x00000000c2400000,0x00000000c4076958,0x00000000c4800000)
 Metaspace       used 2761K, capacity 4486K, committed 4864K, reserved 1056768K
  class space    used 281K, capacity 386K, committed 512K, reserved 1048576K

