# JRE version: OpenJDK Runtime Environment (8.0_265-b01) (build 1.8.0_265-8u265-b01-0ubuntu2~16.04-b01)
# Java VM: OpenJDK 64-Bit Server VM (25.265-b01 mixed mode linux-amd64 compressed oops)
Heap:
 PSYoungGen      total 216064K, used 2365K [0x00000000eb700000, 0x00000000f8d00000, 0x0000000100000000)
  eden space 212992K, 0% used [0x00000000eb700000,0x00000000eb700000,0x00000000f8700000)
  from space 3072K, 77% used [0x00000000f8700000,0x00000000f894f788,0x00000000f8a00000)
  to   space 3072K, 0% used [0x00000000f8a00000,0x00000000f8a00000,0x00000000f8d00000)
 ParOldGen       total 37376K, used 7511K [0x00000000c2400000, 0x00000000c4880000, 0x00000000eb700000)
  object space 37376K, 20% used [0x00000000c2400000,0x00000000c2b55ee8,0x00000000c4880000)
 Metaspace       used 2761K, capacity 4486K, committed 4864K, reserved 1056768K
  class space    used 281K, capacity 386K, committed 512K, reserved 1048576K
GC Heap History (10 events):
Event: 4581.826 GC heap after
Heap after GC invocations=45766 (full 306):
 PSYoungGen      total 151040K, used 2365K [0x00000000eb700000, 0x00000000f4e00000, 0x0000000100000000)
  eden space 147456K, 0% used [0x00000000eb700000,0x00000000eb700000,0x00000000f4700000)
  from space 3584K, 66% used [0x00000000f4a80000,0x00000000f4ccf620,0x00000000f4e00000)
  to   space 3584K, 0% used [0x00000000f4700000,0x00000000f4700000,0x00000000f4a80000)
 ParOldGen       total 37376K, used 7511K [0x00000000c2400000, 0x00000000c4880000, 0x00000000eb700000)
  object space 37376K, 20% used [0x00000000c2400000,0x00000000c2b55ee8,0x00000000c4880000)
 Metaspace       used 2761K, capacity 4486K, committed 4864K, reserved 1056768K
  class space    used 281K, capacity 386K, committed 512K, reserved 1048576K
}
Event: 4582.367 GC heap before
{Heap before GC invocations=45767 (full 306):
 PSYoungGen      total 151040K, used 147623K [0x00000000eb700000, 0x00000000f4e00000, 0x0000000100000000)
  eden space 147456K, 98% used [0x00000000eb700000,0x00000000f44da6d8,0x00000000f4700000)
  from space 3584K, 66% used [0x00000000f4a80000,0x00000000f4ccf620,0x00000000f4e00000)
  to   space 3584K, 0% used [0x00000000f4700000,0x00000000f4700000,0x00000000f4a80000)
 ParOldGen       total 37376K, used 7511K [0x00000000c2400000, 0x00000000c4880000, 0x00000000eb700000)
  object space 37376K, 20% used [0x00000000c2400000,0x00000000c2b55ee8,0x00000000c4880000)
 Metaspace       used 2761K, capacity 4486K, committed 4864K, reserved 1056768K
  class space    used 281K, capacity 386K, committed 512K, reserved 1048576K
Event: 4582.474 GC heap after
Heap after GC invocations=45767 (full 306):
 PSYoungGen      total 151040K, used 2365K [0x00000000eb700000, 0x00000000f6b00000, 0x0000000100000000)
  eden space 147456K, 0% used [0x00000000eb700000,0x00000000eb700000,0x00000000f4700000)
  from space 3584K, 66% used [0x00000000f4700000,0x00000000f494f658,0x00000000f4a80000)
  to   space 3584K, 0% used [0x00000000f6780000,0x00000000f6780000,0x00000000f6b00000)
 ParOldGen       total 37376K, used 7511K [0x00000000c2400000, 0x00000000c4880000, 0x00000000eb700000)
  object space 37376K, 20% used [0x00000000c2400000,0x00000000c2b55ee8,0x00000000c4880000)
 Metaspace       used 2761K, capacity 4486K, committed 4864K, reserved 1056768K
  class space    used 281K, capacity 386K, committed 512K, reserved 1048576K
}
Event: 4582.686 GC heap before
{Heap before GC invocations=45768 (full 306):
 PSYoungGen      total 151040K, used 147636K [0x00000000eb700000, 0x00000000f6b00000, 0x0000000100000000)
  eden space 147456K, 98% used [0x00000000eb700000,0x00000000f44ddb40,0x00000000f4700000)
  from space 3584K, 66% used [0x00000000f4700000,0x00000000f494f658,0x00000000f4a80000)
  to   space 3584K, 0% used [0x00000000f6780000,0x00000000f6780000,0x00000000f6b00000)
 ParOldGen       total 37376K, used 7511K [0x00000000c2400000, 0x00000000c4880000, 0x00000000eb700000)
  object space 37376K, 20% used [0x00000000c2400000,0x00000000c2b55ee8,0x00000000c4880000)
 Metaspace       used 2761K, capacity 4486K, committed 4864K, reserved 1056768K
  class space    used 281K, capacity 386K, committed 512K, reserved 1048576K
Event: 4582.707 GC heap after
Heap after GC invocations=45768 (full 306):
 PSYoungGen      total 179712K, used 2365K [0x00000000eb700000, 0x00000000f6a00000, 0x0000000100000000)
  eden space 177152K, 0% used [0x00000000eb700000,0x00000000eb700000,0x00000000f6400000)
  from space 2560K, 92% used [0x00000000f6780000,0x00000000f69cf698,0x00000000f6a00000)
  to   space 3072K, 0% used [0x00000000f6400000,0x00000000f6400000,0x00000000f6700000)
 ParOldGen       total 37376K, used 7511K [0x00000000c2400000, 0x00000000c4880000, 0x00000000eb700000)
  object space 37376K, 20% used [0x00000000c2400000,0x00000000c2b55ee8,0x00000000c4880000)
 Metaspace       used 2761K, capacity 4486K, committed 4864K, reserved 1056768K
  class space    used 281K, capacity 386K, committed 512K, reserved 1048576K
}
Event: 4583.408 GC heap before
{Heap before GC invocations=45769 (full 306):
 PSYoungGen      total 179712K, used 178573K [0x00000000eb700000, 0x00000000f6a00000, 0x0000000100000000)
  eden space 177152K, 99% used [0x00000000eb700000,0x00000000f6314088,0x00000000f6400000)
  from space 2560K, 92% used [0x00000000f6780000,0x00000000f69cf698,0x00000000f6a00000)
  to   space 3072K, 0% used [0x00000000f6400000,0x00000000f6400000,0x00000000f6700000)
 ParOldGen       total 37376K, used 7511K [0x00000000c2400000, 0x00000000c4880000, 0x00000000eb700000)
  object space 37376K, 20% used [0x00000000c2400000,0x00000000c2b55ee8,0x00000000c4880000)
 Metaspace       used 2761K, capacity 4486K, committed 4864K, reserved 1056768K
  class space    used 281K, capacity 386K, committed 512K, reserved 1048576K
Event: 4583.410 GC heap after
Heap after GC invocations=45769 (full 306):
 PSYoungGen      total 180224K, used 2365K [0x00000000eb700000, 0x00000000f8d00000, 0x0000000100000000)
  eden space 177152K, 0% used [0x00000000eb700000,0x00000000eb700000,0x00000000f6400000)
  from space 3072K, 77% used [0x00000000f6400000,0x00000000f664f6e0,0x00000000f6700000)
  to   space 3072K, 0% used [0x00000000f8a00000,0x00000000f8a00000,0x00000000f8d00000)
 ParOldGen       total 37376K, used 7511K [0x00000000c2400000, 0x00000000c4880000, 0x00000000eb700000)
  object space 37376K, 20% used [0x00000000c2400000,0x00000000c2b55ee8,0x00000000c4880000)
 Metaspace       used 2761K, capacity 4486K, committed 4864K, reserved 1056768K
  class space    used 281K, capacity 386K, committed 512K, reserved 1048576K
}
Event: 4583.597 GC heap before
{Heap before GC invocations=45770 (full 306):
 PSYoungGen      total 180224K, used 178580K [0x00000000eb700000, 0x00000000f8d00000, 0x0000000100000000)
  eden space 177152K, 99% used [0x00000000eb700000,0x00000000f6315be0,0x00000000f6400000)
  from space 3072K, 77% used [0x00000000f6400000,0x00000000f664f6e0,0x00000000f6700000)
  to   space 3072K, 0% used [0x00000000f8a00000,0x00000000f8a00000,0x00000000f8d00000)
 ParOldGen       total 37376K, used 7511K [0x00000000c2400000, 0x00000000c4880000, 0x00000000eb700000)
  object space 37376K, 20% used [0x00000000c2400000,0x00000000c2b55ee8,0x00000000c4880000)
 Metaspace       used 2761K, capacity 4486K, committed 4864K, reserved 1056768K
  class space    used 281K, capacity 386K, committed 512K, reserved 1048576K
Event: 4583.601 GC heap after
Heap after GC invocations=45770 (full 306):
 PSYoungGen      total 216064K, used 2365K [0x00000000eb700000, 0x00000000f8d00000, 0x0000000100000000)
  eden space 212992K, 0% used [0x00000000eb700000,0x00000000eb700000,0x00000000f8700000)
  from space 3072K, 77% used [0x00000000f8a00000,0x00000000f8c4f730,0x00000000f8d00000)
  to   space 3072K, 0% used [0x00000000f8700000,0x00000000f8700000,0x00000000f8a00000)
 ParOldGen       total 37376K, used 7511K [0x00000000c2400000, 0x00000000c4880000, 0x00000000eb700000)
  object space 37376K, 20% used [0x00000000c2400000,0x00000000c2b55ee8,0x00000000c4880000)
 Metaspace       used 2761K, capacity 4486K, committed 4864K, reserved 1056768K
  class space    used 281K, capacity 386K, committed 512K, reserved 1048576K
}
Event: 4584.459 GC heap before
{Heap before GC invocations=45771 (full 306):
 PSYoungGen      total 216064K, used 214306K [0x00000000eb700000, 0x00000000f8d00000, 0x0000000100000000)
  eden space 212992K, 99% used [0x00000000eb700000,0x00000000f85f9470,0x00000000f8700000)
  from space 3072K, 77% used [0x00000000f8a00000,0x00000000f8c4f730,0x00000000f8d00000)
  to   space 3072K, 0% used [0x00000000f8700000,0x00000000f8700000,0x00000000f8a00000)
 ParOldGen       total 37376K, used 7511K [0x00000000c2400000, 0x00000000c4880000, 0x00000000eb700000)
  object space 37376K, 20% used [0x00000000c2400000,0x00000000c2b55ee8,0x00000000c4880000)
 Metaspace       used 2761K, capacity 4486K, committed 4864K, reserved 1056768K
  class space    used 281K, capacity 386K, committed 512K, reserved 1048576K

