# JRE version: OpenJDK Runtime Environment (8.0_265-b01) (build 1.8.0_265-8u265-b01-0ubuntu2~16.04-b01)
# Java VM: OpenJDK 64-Bit Server VM (25.265-b01 mixed mode linux-amd64 compressed oops)
Heap:
 PSYoungGen      total 148992K, used 2415K [0x00000000eb700000, 0x00000000f4c00000, 0x0000000100000000)
  eden space 145408K, 0% used [0x00000000eb700000,0x00000000eb700000,0x00000000f4500000)
  from space 3584K, 67% used [0x00000000f4500000,0x00000000f475bf58,0x00000000f4880000)
  to   space 3584K, 0% used [0x00000000f4880000,0x00000000f4880000,0x00000000f4c00000)
 ParOldGen       total 37888K, used 29095K [0x00000000c2400000, 0x00000000c4900000, 0x00000000eb700000)
  object space 37888K, 76% used [0x00000000c2400000,0x00000000c4069de8,0x00000000c4900000)
 Metaspace       used 2761K, capacity 4486K, committed 4864K, reserved 1056768K
  class space    used 281K, capacity 386K, committed 512K, reserved 1048576K
GC Heap History (10 events):
Event: 4621.158 GC heap after
Heap after GC invocations=46106 (full 292):
 PSYoungGen      total 124928K, used 2415K [0x00000000eb700000, 0x00000000f3400000, 0x0000000100000000)
  eden space 121856K, 0% used [0x00000000eb700000,0x00000000eb700000,0x00000000f2e00000)
  from space 3072K, 78% used [0x00000000f3100000,0x00000000f335be58,0x00000000f3400000)
  to   space 3072K, 0% used [0x00000000f2e00000,0x00000000f2e00000,0x00000000f3100000)
 ParOldGen       total 37888K, used 26711K [0x00000000c2400000, 0x00000000c4900000, 0x00000000eb700000)
  object space 37888K, 70% used [0x00000000c2400000,0x00000000c3e15f30,0x00000000c4900000)
 Metaspace       used 2761K, capacity 4486K, committed 4864K, reserved 1056768K
  class space    used 281K, capacity 386K, committed 512K, reserved 1048576K
}
Event: 4621.478 GC heap before
{Heap before GC invocations=46107 (full 292):
 PSYoungGen      total 124928K, used 124271K [0x00000000eb700000, 0x00000000f3400000, 0x0000000100000000)
  eden space 121856K, 100% used [0x00000000eb700000,0x00000000f2e00000,0x00000000f2e00000)
  from space 3072K, 78% used [0x00000000f3100000,0x00000000f335be58,0x00000000f3400000)
  to   space 3072K, 0% used [0x00000000f2e00000,0x00000000f2e00000,0x00000000f3100000)
 ParOldGen       total 37888K, used 26711K [0x00000000c2400000, 0x00000000c4900000, 0x00000000eb700000)
  object space 37888K, 70% used [0x00000000c2400000,0x00000000c3e15f30,0x00000000c4900000)
 Metaspace       used 2761K, capacity 4486K, committed 4864K, reserved 1056768K
  class space    used 281K, capacity 386K, committed 512K, reserved 1048576K
Event: 4621.480 GC heap after
Heap after GC invocations=46107 (full 292):
 PSYoungGen      total 119808K, used 2415K [0x00000000eb700000, 0x00000000f3180000, 0x0000000100000000)
  eden space 117248K, 0% used [0x00000000eb700000,0x00000000eb700000,0x00000000f2980000)
  from space 2560K, 94% used [0x00000000f2e00000,0x00000000f305be88,0x00000000f3080000)
  to   space 1024K, 0% used [0x00000000f3080000,0x00000000f3080000,0x00000000f3180000)
 ParOldGen       total 37888K, used 26711K [0x00000000c2400000, 0x00000000c4900000, 0x00000000eb700000)
  object space 37888K, 70% used [0x00000000c2400000,0x00000000c3e15f30,0x00000000c4900000)
 Metaspace       used 2761K, capacity 4486K, committed 4864K, reserved 1056768K
  class space    used 281K, capacity 386K, committed 512K, reserved 1048576K
}
Event: 4621.759 GC heap before
{Heap before GC invocations=46108 (full 292):
 PSYoungGen      total 119808K, used 119127K [0x00000000eb700000, 0x00000000f3180000, 0x0000000100000000)
  eden space 117248K, 99% used [0x00000000eb700000,0x00000000f28fa0e8,0x00000000f2980000)
  from space 2560K, 94% used [0x00000000f2e00000,0x00000000f305be88,0x00000000f3080000)
  to   space 1024K, 0% used [0x00000000f3080000,0x00000000f3080000,0x00000000f3180000)
 ParOldGen       total 37888K, used 26711K [0x00000000c2400000, 0x00000000c4900000, 0x00000000eb700000)
  object space 37888K, 70% used [0x00000000c2400000,0x00000000c3e15f30,0x00000000c4900000)
 Metaspace       used 2761K, capacity 4486K, committed 4864K, reserved 1056768K
  class space    used 281K, capacity 386K, committed 512K, reserved 1048576K
Event: 4622.029 GC heap after
Heap after GC invocations=46108 (full 292):
 PSYoungGen      total 121856K, used 32K [0x00000000eb700000, 0x00000000f4780000, 0x0000000100000000)
  eden space 120832K, 0% used [0x00000000eb700000,0x00000000eb700000,0x00000000f2d00000)
  from space 1024K, 3% used [0x00000000f3080000,0x00000000f3088000,0x00000000f3180000)
  to   space 3584K, 0% used [0x00000000f2d00000,0x00000000f2d00000,0x00000000f3080000)
 ParOldGen       total 37888K, used 29095K [0x00000000c2400000, 0x00000000c4900000, 0x00000000eb700000)
  object space 37888K, 76% used [0x00000000c2400000,0x00000000c4069de8,0x00000000c4900000)
 Metaspace       used 2761K, capacity 4486K, committed 4864K, reserved 1056768K
  class space    used 281K, capacity 386K, committed 512K, reserved 1048576K
}
Event: 4622.327 GC heap before
{Heap before GC invocations=46109 (full 292):
 PSYoungGen      total 121856K, used 119230K [0x00000000eb700000, 0x00000000f4780000, 0x0000000100000000)
  eden space 120832K, 98% used [0x00000000eb700000,0x00000000f2b67890,0x00000000f2d00000)
  from space 1024K, 3% used [0x00000000f3080000,0x00000000f3088000,0x00000000f3180000)
  to   space 3584K, 0% used [0x00000000f2d00000,0x00000000f2d00000,0x00000000f3080000)
 ParOldGen       total 37888K, used 29095K [0x00000000c2400000, 0x00000000c4900000, 0x00000000eb700000)
  object space 37888K, 76% used [0x00000000c2400000,0x00000000c4069de8,0x00000000c4900000)
 Metaspace       used 2761K, capacity 4486K, committed 4864K, reserved 1056768K
  class space    used 281K, capacity 386K, committed 512K, reserved 1048576K
Event: 4622.329 GC heap after
Heap after GC invocations=46109 (full 292):
 PSYoungGen      total 124416K, used 2415K [0x00000000eb700000, 0x00000000f4c00000, 0x0000000100000000)
  eden space 120832K, 0% used [0x00000000eb700000,0x00000000eb700000,0x00000000f2d00000)
  from space 3584K, 67% used [0x00000000f2d00000,0x00000000f2f5bef0,0x00000000f3080000)
  to   space 3584K, 0% used [0x00000000f4880000,0x00000000f4880000,0x00000000f4c00000)
 ParOldGen       total 37888K, used 29095K [0x00000000c2400000, 0x00000000c4900000, 0x00000000eb700000)
  object space 37888K, 76% used [0x00000000c2400000,0x00000000c4069de8,0x00000000c4900000)
 Metaspace       used 2761K, capacity 4486K, committed 4864K, reserved 1056768K
  class space    used 281K, capacity 386K, committed 512K, reserved 1048576K
}
Event: 4626.357 GC heap before
{Heap before GC invocations=46110 (full 292):
 PSYoungGen      total 124416K, used 121897K [0x00000000eb700000, 0x00000000f4c00000, 0x0000000100000000)
  eden space 120832K, 98% used [0x00000000eb700000,0x00000000f2bae660,0x00000000f2d00000)
  from space 3584K, 67% used [0x00000000f2d00000,0x00000000f2f5bef0,0x00000000f3080000)
  to   space 3584K, 0% used [0x00000000f4880000,0x00000000f4880000,0x00000000f4c00000)
 ParOldGen       total 37888K, used 29095K [0x00000000c2400000, 0x00000000c4900000, 0x00000000eb700000)
  object space 37888K, 76% used [0x00000000c2400000,0x00000000c4069de8,0x00000000c4900000)
 Metaspace       used 2761K, capacity 4486K, committed 4864K, reserved 1056768K
  class space    used 281K, capacity 386K, committed 512K, reserved 1048576K
Event: 4662.273 GC heap after
Heap after GC invocations=46110 (full 292):
 PSYoungGen      total 148992K, used 2415K [0x00000000eb700000, 0x00000000f4c00000, 0x0000000100000000)
  eden space 145408K, 0% used [0x00000000eb700000,0x00000000eb700000,0x00000000f4500000)
  from space 3584K, 67% used [0x00000000f4880000,0x00000000f4adbf20,0x00000000f4c00000)
  to   space 3584K, 0% used [0x00000000f4500000,0x00000000f4500000,0x00000000f4880000)
 ParOldGen       total 37888K, used 29095K [0x00000000c2400000, 0x00000000c4900000, 0x00000000eb700000)
  object space 37888K, 76% used [0x00000000c2400000,0x00000000c4069de8,0x00000000c4900000)
 Metaspace       used 2761K, capacity 4486K, committed 4864K, reserved 1056768K
  class space    used 281K, capacity 386K, committed 512K, reserved 1048576K
}
Event: 4662.681 GC heap before
{Heap before GC invocations=46111 (full 292):
 PSYoungGen      total 148992K, used 145949K [0x00000000eb700000, 0x00000000f4c00000, 0x0000000100000000)
  eden space 145408K, 98% used [0x00000000eb700000,0x00000000f432b7d8,0x00000000f4500000)
  from space 3584K, 67% used [0x00000000f4880000,0x00000000f4adbf20,0x00000000f4c00000)
  to   space 3584K, 0% used [0x00000000f4500000,0x00000000f4500000,0x00000000f4880000)
 ParOldGen       total 37888K, used 29095K [0x00000000c2400000, 0x00000000c4900000, 0x00000000eb700000)
  object space 37888K, 76% used [0x00000000c2400000,0x00000000c4069de8,0x00000000c4900000)
 Metaspace       used 2761K, capacity 4486K, committed 4864K, reserved 1056768K
  class space    used 281K, capacity 386K, committed 512K, reserved 1048576K

