# JRE version: OpenJDK Runtime Environment (8.0_265-b01) (build 1.8.0_265-8u265-b01-0ubuntu2~16.04-b01)
# Java VM: OpenJDK 64-Bit Server VM (25.265-b01 mixed mode linux-amd64 compressed oops)
Heap:
 PSYoungGen      total 240640K, used 2408K [0x00000000eb700000, 0x00000000fa500000, 0x0000000100000000)
  eden space 237568K, 0% used [0x00000000eb700000,0x00000000eb700000,0x00000000f9f00000)
  from space 3072K, 78% used [0x00000000f9f00000,0x00000000fa15a1f0,0x00000000fa200000)
  to   space 3072K, 0% used [0x00000000fa200000,0x00000000fa200000,0x00000000fa500000)
 ParOldGen       total 37376K, used 19509K [0x00000000c2400000, 0x00000000c4880000, 0x00000000eb700000)
  object space 37376K, 52% used [0x00000000c2400000,0x00000000c370d718,0x00000000c4880000)
 Metaspace       used 2761K, capacity 4486K, committed 4864K, reserved 1056768K
  class space    used 281K, capacity 386K, committed 512K, reserved 1048576K
GC Heap History (10 events):
Event: 4649.372 GC heap after
Heap after GC invocations=45406 (full 298):
 PSYoungGen      total 167424K, used 2408K [0x00000000eb700000, 0x00000000f5d80000, 0x0000000100000000)
  eden space 164352K, 0% used [0x00000000eb700000,0x00000000eb700000,0x00000000f5780000)
  from space 3072K, 78% used [0x00000000f5a80000,0x00000000f5cda060,0x00000000f5d80000)
  to   space 3072K, 0% used [0x00000000f5780000,0x00000000f5780000,0x00000000f5a80000)
 ParOldGen       total 37376K, used 19509K [0x00000000c2400000, 0x00000000c4880000, 0x00000000eb700000)
  object space 37376K, 52% used [0x00000000c2400000,0x00000000c370d718,0x00000000c4880000)
 Metaspace       used 2761K, capacity 4486K, committed 4864K, reserved 1056768K
  class space    used 281K, capacity 386K, committed 512K, reserved 1048576K
}
Event: 4650.105 GC heap before
{Heap before GC invocations=45407 (full 298):
 PSYoungGen      total 167424K, used 164850K [0x00000000eb700000, 0x00000000f5d80000, 0x0000000100000000)
  eden space 164352K, 98% used [0x00000000eb700000,0x00000000f55a2b68,0x00000000f5780000)
  from space 3072K, 78% used [0x00000000f5a80000,0x00000000f5cda060,0x00000000f5d80000)
  to   space 3072K, 0% used [0x00000000f5780000,0x00000000f5780000,0x00000000f5a80000)
 ParOldGen       total 37376K, used 19509K [0x00000000c2400000, 0x00000000c4880000, 0x00000000eb700000)
  object space 37376K, 52% used [0x00000000c2400000,0x00000000c370d718,0x00000000c4880000)
 Metaspace       used 2761K, capacity 4486K, committed 4864K, reserved 1056768K
  class space    used 281K, capacity 386K, committed 512K, reserved 1048576K
Event: 4650.239 GC heap after
Heap after GC invocations=45407 (full 298):
 PSYoungGen      total 167424K, used 2408K [0x00000000eb700000, 0x00000000f7e00000, 0x0000000100000000)
  eden space 164352K, 0% used [0x00000000eb700000,0x00000000eb700000,0x00000000f5780000)
  from space 3072K, 78% used [0x00000000f5780000,0x00000000f59da0a8,0x00000000f5a80000)
  to   space 3072K, 0% used [0x00000000f7b00000,0x00000000f7b00000,0x00000000f7e00000)
 ParOldGen       total 37376K, used 19509K [0x00000000c2400000, 0x00000000c4880000, 0x00000000eb700000)
  object space 37376K, 52% used [0x00000000c2400000,0x00000000c370d718,0x00000000c4880000)
 Metaspace       used 2761K, capacity 4486K, committed 4864K, reserved 1056768K
  class space    used 281K, capacity 386K, committed 512K, reserved 1048576K
}
Event: 4650.459 GC heap before
{Heap before GC invocations=45408 (full 298):
 PSYoungGen      total 167424K, used 164865K [0x00000000eb700000, 0x00000000f7e00000, 0x0000000100000000)
  eden space 164352K, 98% used [0x00000000eb700000,0x00000000f55a6390,0x00000000f5780000)
  from space 3072K, 78% used [0x00000000f5780000,0x00000000f59da0a8,0x00000000f5a80000)
  to   space 3072K, 0% used [0x00000000f7b00000,0x00000000f7b00000,0x00000000f7e00000)
 ParOldGen       total 37376K, used 19509K [0x00000000c2400000, 0x00000000c4880000, 0x00000000eb700000)
  object space 37376K, 52% used [0x00000000c2400000,0x00000000c370d718,0x00000000c4880000)
 Metaspace       used 2761K, capacity 4486K, committed 4864K, reserved 1056768K
  class space    used 281K, capacity 386K, committed 512K, reserved 1048576K
Event: 4650.461 GC heap after
Heap after GC invocations=45408 (full 298):
 PSYoungGen      total 200704K, used 2408K [0x00000000eb700000, 0x00000000f7e00000, 0x0000000100000000)
  eden space 197632K, 0% used [0x00000000eb700000,0x00000000eb700000,0x00000000f7800000)
  from space 3072K, 78% used [0x00000000f7b00000,0x00000000f7d5a0e8,0x00000000f7e00000)
  to   space 3072K, 0% used [0x00000000f7800000,0x00000000f7800000,0x00000000f7b00000)
 ParOldGen       total 37376K, used 19509K [0x00000000c2400000, 0x00000000c4880000, 0x00000000eb700000)
  object space 37376K, 52% used [0x00000000c2400000,0x00000000c370d718,0x00000000c4880000)
 Metaspace       used 2761K, capacity 4486K, committed 4864K, reserved 1056768K
  class space    used 281K, capacity 386K, committed 512K, reserved 1048576K
}
Event: 4651.244 GC heap before
{Heap before GC invocations=45409 (full 298):
 PSYoungGen      total 200704K, used 198803K [0x00000000eb700000, 0x00000000f7e00000, 0x0000000100000000)
  eden space 197632K, 99% used [0x00000000eb700000,0x00000000f76cadc0,0x00000000f7800000)
  from space 3072K, 78% used [0x00000000f7b00000,0x00000000f7d5a0e8,0x00000000f7e00000)
  to   space 3072K, 0% used [0x00000000f7800000,0x00000000f7800000,0x00000000f7b00000)
 ParOldGen       total 37376K, used 19509K [0x00000000c2400000, 0x00000000c4880000, 0x00000000eb700000)
  object space 37376K, 52% used [0x00000000c2400000,0x00000000c370d718,0x00000000c4880000)
 Metaspace       used 2761K, capacity 4486K, committed 4864K, reserved 1056768K
  class space    used 281K, capacity 386K, committed 512K, reserved 1048576K
Event: 4651.247 GC heap after
Heap after GC invocations=45409 (full 298):
 PSYoungGen      total 200704K, used 2408K [0x00000000eb700000, 0x00000000fa500000, 0x0000000100000000)
  eden space 197632K, 0% used [0x00000000eb700000,0x00000000eb700000,0x00000000f7800000)
  from space 3072K, 78% used [0x00000000f7800000,0x00000000f7a5a138,0x00000000f7b00000)
  to   space 3072K, 0% used [0x00000000fa200000,0x00000000fa200000,0x00000000fa500000)
 ParOldGen       total 37376K, used 19509K [0x00000000c2400000, 0x00000000c4880000, 0x00000000eb700000)
  object space 37376K, 52% used [0x00000000c2400000,0x00000000c370d718,0x00000000c4880000)
 Metaspace       used 2761K, capacity 4486K, committed 4864K, reserved 1056768K
  class space    used 281K, capacity 386K, committed 512K, reserved 1048576K
}
Event: 4651.470 GC heap before
{Heap before GC invocations=45410 (full 298):
 PSYoungGen      total 200704K, used 198811K [0x00000000eb700000, 0x00000000fa500000, 0x0000000100000000)
  eden space 197632K, 99% used [0x00000000eb700000,0x00000000f76ccd68,0x00000000f7800000)
  from space 3072K, 78% used [0x00000000f7800000,0x00000000f7a5a138,0x00000000f7b00000)
  to   space 3072K, 0% used [0x00000000fa200000,0x00000000fa200000,0x00000000fa500000)
 ParOldGen       total 37376K, used 19509K [0x00000000c2400000, 0x00000000c4880000, 0x00000000eb700000)
  object space 37376K, 52% used [0x00000000c2400000,0x00000000c370d718,0x00000000c4880000)
 Metaspace       used 2761K, capacity 4486K, committed 4864K, reserved 1056768K
  class space    used 281K, capacity 386K, committed 512K, reserved 1048576K
Event: 4652.212 GC heap after
Heap after GC invocations=45410 (full 298):
 PSYoungGen      total 240640K, used 2408K [0x00000000eb700000, 0x00000000fa500000, 0x0000000100000000)
  eden space 237568K, 0% used [0x00000000eb700000,0x00000000eb700000,0x00000000f9f00000)
  from space 3072K, 78% used [0x00000000fa200000,0x00000000fa45a190,0x00000000fa500000)
  to   space 3072K, 0% used [0x00000000f9f00000,0x00000000f9f00000,0x00000000fa200000)
 ParOldGen       total 37376K, used 19509K [0x00000000c2400000, 0x00000000c4880000, 0x00000000eb700000)
  object space 37376K, 52% used [0x00000000c2400000,0x00000000c370d718,0x00000000c4880000)
 Metaspace       used 2761K, capacity 4486K, committed 4864K, reserved 1056768K
  class space    used 281K, capacity 386K, committed 512K, reserved 1048576K
}
Event: 4652.302 GC heap before
{Heap before GC invocations=45411 (full 298):
 PSYoungGen      total 240640K, used 237634K [0x00000000eb700000, 0x00000000fa500000, 0x0000000100000000)
  eden space 237568K, 99% used [0x00000000eb700000,0x00000000f9cb6a00,0x00000000f9f00000)
  from space 3072K, 78% used [0x00000000fa200000,0x00000000fa45a190,0x00000000fa500000)
  to   space 3072K, 0% used [0x00000000f9f00000,0x00000000f9f00000,0x00000000fa200000)
 ParOldGen       total 37376K, used 19509K [0x00000000c2400000, 0x00000000c4880000, 0x00000000eb700000)
  object space 37376K, 52% used [0x00000000c2400000,0x00000000c370d718,0x00000000c4880000)
 Metaspace       used 2761K, capacity 4486K, committed 4864K, reserved 1056768K
  class space    used 281K, capacity 386K, committed 512K, reserved 1048576K

